wandb: Loading settings from /lustre09/project/6061843/noedia/wl_neurips/ciela_branch/CosmOrford/wandb/settings
W&B offline. Running your script from this directory will only write metadata locally. Use `wandb disabled` to completely turn off W&B.
Running job for budget: 10000
/lustre09/project/6061843/noedia/wl_neurips/ciela_branch/CosmOrford/.venv/lib/python3.11/site-packages/lightning/fabric/utilities/seed.py:44: No seed found, seed set to 0
[rank: 0] Seed set to 0
Using 16bit Automatic Mixed Precision (AMP)
GPU available: True (cuda), used: True
TPU available: False, using: 0 TPU cores
HPU available: False, using: 0 HPUs
wandb: WARNING The anonymous setting has no effect and will be removed in a future version.
wandb: Loading settings from /lustre09/project/6061843/noedia/wl_neurips/ciela_branch/CosmOrford/wandb/settings
wandb: Tracking run with wandb version 0.25.1
wandb: W&B syncing is set to `offline` in this directory. Run `wandb online` or set WANDB_MODE=online to enable cloud syncing.
wandb: Run data is saved locally in /home/noedia/links/scratch/wl_chall/models/budget_scan_nbody/wandb/offline-run-20260316_113454-epu1igwt
LOCAL_RANK: 0 - CUDA_VISIBLE_DEVICES: [0]
/lustre09/project/6061843/noedia/wl_neurips/ciela_branch/CosmOrford/.venv/lib/python3.11/site-packages/lightning/pytorch/utilities/model_summary/model_summary.py:242: Precision 16-mixed is not supported by the model summary.  Estimated model size in MB will not be accurate. Using 32 bits instead.
Training set limited to 10000 samples (from 40400)
┏━━━┳━━━━━━━━━━━━━━┳━━━━━━━━━━━━┳━━━━━━━━┳━━━━━━━┳━━━━━━━┓
┃   ┃ Name         ┃ Type       ┃ Params ┃ Mode  ┃ FLOPs ┃
┡━━━╇━━━━━━━━━━━━━━╇━━━━━━━━━━━━╇━━━━━━━━╇━━━━━━━╇━━━━━━━┩
│ 0 │ model        │ Sequential │ 20.2 M │ train │     0 │
│ 1 │ reshape_head │ Sequential │      0 │ train │     0 │
│ 2 │ compressor   │ Linear     │ 10.2 K │ train │     0 │
│ 3 │ head         │ Sequential │    420 │ train │     0 │
└───┴──────────────┴────────────┴────────┴───────┴───────┘
Trainable params: 20.2 M                                                        
Non-trainable params: 0                                                         
Total params: 20.2 M                                                            
Total estimated model params size (MB): 80                                      
Modules in train mode: 719                                                      
Modules in eval mode: 0                                                         
Total FLOPs: 0                                                                  
SLURM auto-requeueing enabled. Setting signal handlers.
/lustre09/project/6061843/noedia/wl_neurips/ciela_branch/CosmOrford/.venv/lib/python3.11/site-packages/torch/utils/data/dataloader.py:424: UserWarning: This DataLoader will create 8 worker processes in total. Our suggested max number of worker in current system is 1, which is smaller than what this DataLoader is going to create. Please be aware that excessive worker creation might get DataLoader running slow or even freeze, lower the worker number to avoid potential slowness/freeze if necessary.
  self.check_worker_number_rationality()
/lustre09/project/6061843/noedia/wl_neurips/ciela_branch/CosmOrford/.venv/lib/python3.11/site-packages/lightning/pytorch/utilities/_pytree.py:21: `isinstance(treespec, LeafSpec)` is deprecated, use `isinstance(treespec, TreeSpec) and treespec.is_leaf()` instead.
/lustre09/project/6061843/noedia/wl_neurips/ciela_branch/CosmOrford/.venv/lib/python3.11/site-packages/torch/utils/data/dataloader.py:432: UserWarning: This DataLoader will create 8 worker processes in total. Our suggested max number of worker in current system is 1, which is smaller than what this DataLoader is going to create. Please be aware that excessive worker creation might get DataLoader running slow or even freeze, lower the worker number to avoid potential slowness/freeze if necessary.
  self.check_worker_number_rationality()
Epoch 90/-2 ━━━━╸            48/156 0:01:05 • 0:02:08 0.85it/s v_num: igwt      
                                                               val_log_prob:    
                                                               0.424 val_score: 
                                                               10.110 val_mse:  
                                                               0.001            
Traceback (most recent call last):
  File "/lustre09/project/6061843/noedia/wl_neurips/ciela_branch/CosmOrford/.venv/bin/trainer", line 10, in <module>
    sys.exit(trainer_cli())
             ^^^^^^^^^^^^^
  File "/lustre09/project/6061843/noedia/wl_neurips/ciela_branch/CosmOrford/cosmoford/trainer.py", line 34, in trainer_cli
    return LightningCLI(
           ^^^^^^^^^^^^^
  File "/lustre09/project/6061843/noedia/wl_neurips/ciela_branch/CosmOrford/.venv/lib/python3.11/site-packages/lightning/pytorch/cli.py", line 414, in __init__
    self._run_subcommand(self.subcommand)
  File "/lustre09/project/6061843/noedia/wl_neurips/ciela_branch/CosmOrford/.venv/lib/python3.11/site-packages/lightning/pytorch/cli.py", line 752, in _run_subcommand
    fn(**fn_kwargs)
  File "/lustre09/project/6061843/noedia/wl_neurips/ciela_branch/CosmOrford/.venv/lib/python3.11/site-packages/lightning/pytorch/trainer/trainer.py", line 575, in fit
    call._call_and_handle_interrupt(
  File "/lustre09/project/6061843/noedia/wl_neurips/ciela_branch/CosmOrford/.venv/lib/python3.11/site-packages/lightning/pytorch/trainer/call.py", line 49, in _call_and_handle_interrupt
    return trainer_fn(*args, **kwargs)
           ^^^^^^^^^^^^^^^^^^^^^^^^^^^
  File "/lustre09/project/6061843/noedia/wl_neurips/ciela_branch/CosmOrford/.venv/lib/python3.11/site-packages/lightning/pytorch/trainer/trainer.py", line 613, in _fit_impl
    self._run(model, ckpt_path=ckpt_path)
  File "/lustre09/project/6061843/noedia/wl_neurips/ciela_branch/CosmOrford/.venv/lib/python3.11/site-packages/lightning/pytorch/trainer/trainer.py", line 1028, in _run
    results = self._run_stage()
              ^^^^^^^^^^^^^^^^^
  File "/lustre09/project/6061843/noedia/wl_neurips/ciela_branch/CosmOrford/.venv/lib/python3.11/site-packages/lightning/pytorch/trainer/trainer.py", line 1072, in _run_stage
    self.fit_loop.run()
  File "/lustre09/project/6061843/noedia/wl_neurips/ciela_branch/CosmOrford/.venv/lib/python3.11/site-packages/lightning/pytorch/loops/fit_loop.py", line 217, in run
    self.advance()
  File "/lustre09/project/6061843/noedia/wl_neurips/ciela_branch/CosmOrford/.venv/lib/python3.11/site-packages/lightning/pytorch/loops/fit_loop.py", line 465, in advance
    self.epoch_loop.run(self._data_fetcher)
  File "/lustre09/project/6061843/noedia/wl_neurips/ciela_branch/CosmOrford/.venv/lib/python3.11/site-packages/lightning/pytorch/loops/training_epoch_loop.py", line 153, in run
    self.advance(data_fetcher)
  File "/lustre09/project/6061843/noedia/wl_neurips/ciela_branch/CosmOrford/.venv/lib/python3.11/site-packages/lightning/pytorch/loops/training_epoch_loop.py", line 349, in advance
    batch_output = self.automatic_optimization.run(trainer.optimizers[0], batch_idx, kwargs)
                   ^^^^^^^^^^^^^^^^^^^^^^^^^^^^^^^^^^^^^^^^^^^^^^^^^^^^^^^^^^^^^^^^^^^^^^^^^
  File "/lustre09/project/6061843/noedia/wl_neurips/ciela_branch/CosmOrford/.venv/lib/python3.11/site-packages/lightning/pytorch/loops/optimization/automatic.py", line 192, in run
    self._optimizer_step(batch_idx, closure)
  File "/lustre09/project/6061843/noedia/wl_neurips/ciela_branch/CosmOrford/.venv/lib/python3.11/site-packages/lightning/pytorch/loops/optimization/automatic.py", line 270, in _optimizer_step
    call._call_lightning_module_hook(
  File "/lustre09/project/6061843/noedia/wl_neurips/ciela_branch/CosmOrford/.venv/lib/python3.11/site-packages/lightning/pytorch/trainer/call.py", line 177, in _call_lightning_module_hook
    output = fn(*args, **kwargs)
             ^^^^^^^^^^^^^^^^^^^
  File "/lustre09/project/6061843/noedia/wl_neurips/ciela_branch/CosmOrford/.venv/lib/python3.11/site-packages/lightning/pytorch/core/module.py", line 1368, in optimizer_step
    optimizer.step(closure=optimizer_closure)
  File "/lustre09/project/6061843/noedia/wl_neurips/ciela_branch/CosmOrford/.venv/lib/python3.11/site-packages/lightning/pytorch/core/optimizer.py", line 154, in step
    step_output = self._strategy.optimizer_step(self._optimizer, closure, **kwargs)
                  ^^^^^^^^^^^^^^^^^^^^^^^^^^^^^^^^^^^^^^^^^^^^^^^^^^^^^^^^^^^^^^^^^
  File "/lustre09/project/6061843/noedia/wl_neurips/ciela_branch/CosmOrford/.venv/lib/python3.11/site-packages/lightning/pytorch/strategies/strategy.py", line 239, in optimizer_step
    return self.precision_plugin.optimizer_step(optimizer, model=model, closure=closure, **kwargs)
           ^^^^^^^^^^^^^^^^^^^^^^^^^^^^^^^^^^^^^^^^^^^^^^^^^^^^^^^^^^^^^^^^^^^^^^^^^^^^^^^^^^^^^^^
  File "/lustre09/project/6061843/noedia/wl_neurips/ciela_branch/CosmOrford/.venv/lib/python3.11/site-packages/lightning/pytorch/plugins/precision/amp.py", line 79, in optimizer_step
    closure_result = closure()
                     ^^^^^^^^^
  File "/lustre09/project/6061843/noedia/wl_neurips/ciela_branch/CosmOrford/.venv/lib/python3.11/site-packages/lightning/pytorch/loops/optimization/automatic.py", line 146, in __call__
    self._result = self.closure(*args, **kwargs)
                   ^^^^^^^^^^^^^^^^^^^^^^^^^^^^^
  File "/lustre09/project/6061843/noedia/wl_neurips/ciela_branch/CosmOrford/.venv/lib/python3.11/site-packages/torch/utils/_contextlib.py", line 124, in decorate_context
    return func(*args, **kwargs)
           ^^^^^^^^^^^^^^^^^^^^^
  File "/lustre09/project/6061843/noedia/wl_neurips/ciela_branch/CosmOrford/.venv/lib/python3.11/site-packages/lightning/pytorch/loops/optimization/automatic.py", line 131, in closure
    step_output = self._step_fn()
                  ^^^^^^^^^^^^^^^
  File "/lustre09/project/6061843/noedia/wl_neurips/ciela_branch/CosmOrford/.venv/lib/python3.11/site-packages/lightning/pytorch/loops/optimization/automatic.py", line 319, in _training_step
    training_step_output = call._call_strategy_hook(trainer, "training_step", *kwargs.values())
                           ^^^^^^^^^^^^^^^^^^^^^^^^^^^^^^^^^^^^^^^^^^^^^^^^^^^^^^^^^^^^^^^^^^^^
  File "/lustre09/project/6061843/noedia/wl_neurips/ciela_branch/CosmOrford/.venv/lib/python3.11/site-packages/lightning/pytorch/trainer/call.py", line 329, in _call_strategy_hook
    output = fn(*args, **kwargs)
             ^^^^^^^^^^^^^^^^^^^
  File "/lustre09/project/6061843/noedia/wl_neurips/ciela_branch/CosmOrford/.venv/lib/python3.11/site-packages/lightning/pytorch/strategies/strategy.py", line 391, in training_step
    return self.lightning_module.training_step(*args, **kwargs)
           ^^^^^^^^^^^^^^^^^^^^^^^^^^^^^^^^^^^^^^^^^^^^^^^^^^^^
  File "/lustre09/project/6061843/noedia/wl_neurips/ciela_branch/CosmOrford/cosmoford/models_nopatch.py", line 334, in training_step
    loss = -torch.distributions.Normal(loc=mean, scale=std).log_prob(y).mean()
            ^^^^^^^^^^^^^^^^^^^^^^^^^^^^^^^^^^^^^^^^^^^^^^^
  File "/lustre09/project/6061843/noedia/wl_neurips/ciela_branch/CosmOrford/.venv/lib/python3.11/site-packages/torch/distributions/normal.py", line 67, in __init__
    super().__init__(batch_shape, validate_args=validate_args)
  File "/lustre09/project/6061843/noedia/wl_neurips/ciela_branch/CosmOrford/.venv/lib/python3.11/site-packages/torch/distributions/distribution.py", line 78, in __init__
    raise ValueError(
ValueError: Expected parameter loc (Tensor of shape (64, 2)) of distribution Normal(loc: torch.Size([64, 2]), scale: torch.Size([64, 2])) to satisfy the constraint Real(), but found invalid values:
tensor([[nan, nan],
        [nan, nan],
        [nan, nan],
        [nan, nan],
        [nan, nan],
        [nan, nan],
        [nan, nan],
        [nan, nan],
        [nan, nan],
        [nan, nan],
        [nan, nan],
        [nan, nan],
        [nan, nan],
        [nan, nan],
        [nan, nan],
        [nan, nan],
        [nan, nan],
        [nan, nan],
        [nan, nan],
        [nan, nan],
        [nan, nan],
        [nan, nan],
        [nan, nan],
        [nan, nan],
        [nan, nan],
        [nan, nan],
        [nan, nan],
        [nan, nan],
        [nan, nan],
        [nan, nan],
        [nan, nan],
        [nan, nan],
        [nan, nan],
        [nan, nan],
        [nan, nan],
        [nan, nan],
        [nan, nan],
        [nan, nan],
        [nan, nan],
        [nan, nan],
        [nan, nan],
        [nan, nan],
        [nan, nan],
        [nan, nan],
        [nan, nan],
        [nan, nan],
        [nan, nan],
        [nan, nan],
        [nan, nan],
        [nan, nan],
        [nan, nan],
        [nan, nan],
        [nan, nan],
        [nan, nan],
        [nan, nan],
        [nan, nan],
        [nan, nan],
        [nan, nan],
        [nan, nan],
        [nan, nan],
        [nan, nan],
        [nan, nan],
        [nan, nan],
        [nan, nan]], device='cuda:0', dtype=torch.float16,
       grad_fn=<SliceBackward0>)
[1;34mwandb[0m: 
[1;34mwandb[0m: You can sync this run to the cloud by running:
[1;34mwandb[0m: [1mwandb sync /home/noedia/links/scratch/wl_chall/models/budget_scan_nbody/wandb/offline-run-20260316_113454-epu1igwt[0m
[1;34mwandb[0m: Find logs at: [1;35m../../../../../../scratch/wl_chall/models/budget_scan_nbody/wandb/offline-run-20260316_113454-epu1igwt/logs[0m
