wandb: Loading settings from /lustre09/project/6061843/noedia/wl_neurips/ciela_branch/CosmOrford/wandb/settings
W&B offline. Running your script from this directory will only write metadata locally. Use `wandb disabled` to completely turn off W&B.
------------------------------------------
Starting run with max_train_samples = 100
------------------------------------------
/lustre09/project/6061843/noedia/wl_neurips/ciela_branch/CosmOrford/.venv/lib/python3.11/site-packages/lightning/fabric/utilities/seed.py:44: No seed found, seed set to 0
[rank: 0] Seed set to 0
Traceback (most recent call last):
  File "/lustre09/project/6061843/noedia/wl_neurips/ciela_branch/CosmOrford/.venv/bin/trainer", line 10, in <module>
    sys.exit(trainer_cli())
             ^^^^^^^^^^^^^
  File "/lustre09/project/6061843/noedia/wl_neurips/ciela_branch/CosmOrford/cosmoford/trainer.py", line 34, in trainer_cli
    return LightningCLI(
           ^^^^^^^^^^^^^
  File "/lustre09/project/6061843/noedia/wl_neurips/ciela_branch/CosmOrford/.venv/lib/python3.11/site-packages/lightning/pytorch/cli.py", line 410, in __init__
    self.instantiate_classes()
  File "/lustre09/project/6061843/noedia/wl_neurips/ciela_branch/CosmOrford/.venv/lib/python3.11/site-packages/lightning/pytorch/cli.py", line 609, in instantiate_classes
    self.trainer = self.instantiate_trainer()
                   ^^^^^^^^^^^^^^^^^^^^^^^^^^
  File "/lustre09/project/6061843/noedia/wl_neurips/ciela_branch/CosmOrford/.venv/lib/python3.11/site-packages/lightning/pytorch/cli.py", line 623, in instantiate_trainer
    return self._instantiate_trainer(trainer_config, extra_callbacks)
           ^^^^^^^^^^^^^^^^^^^^^^^^^^^^^^^^^^^^^^^^^^^^^^^^^^^^^^^^^^
  File "/lustre09/project/6061843/noedia/wl_neurips/ciela_branch/CosmOrford/.venv/lib/python3.11/site-packages/lightning/pytorch/cli.py", line 648, in _instantiate_trainer
    return self.trainer_class(**config)
           ^^^^^^^^^^^^^^^^^^^^^^^^^^^^
  File "/lustre09/project/6061843/noedia/wl_neurips/ciela_branch/CosmOrford/.venv/lib/python3.11/site-packages/lightning/pytorch/utilities/argparse.py", line 70, in insert_env_defaults
    return fn(self, **kwargs)
           ^^^^^^^^^^^^^^^^^^
  File "/lustre09/project/6061843/noedia/wl_neurips/ciela_branch/CosmOrford/.venv/lib/python3.11/site-packages/lightning/pytorch/trainer/trainer.py", line 417, in __init__
    self._accelerator_connector = _AcceleratorConnector(
                                  ^^^^^^^^^^^^^^^^^^^^^^
  File "/lustre09/project/6061843/noedia/wl_neurips/ciela_branch/CosmOrford/.venv/lib/python3.11/site-packages/lightning/pytorch/trainer/connectors/accelerator_connector.py", line 144, in __init__
    self._accelerator_flag = self._choose_gpu_accelerator_backend()
                             ^^^^^^^^^^^^^^^^^^^^^^^^^^^^^^^^^^^^^^
  File "/lustre09/project/6061843/noedia/wl_neurips/ciela_branch/CosmOrford/.venv/lib/python3.11/site-packages/lightning/pytorch/trainer/connectors/accelerator_connector.py", line 348, in _choose_gpu_accelerator_backend
    raise MisconfigurationException("No supported gpu backend found!")
lightning.fabric.utilities.exceptions.MisconfigurationException: No supported gpu backend found!
------------------------------------------
Starting run with max_train_samples = 200
------------------------------------------
/lustre09/project/6061843/noedia/wl_neurips/ciela_branch/CosmOrford/.venv/lib/python3.11/site-packages/lightning/fabric/utilities/seed.py:44: No seed found, seed set to 0
[rank: 0] Seed set to 0
Traceback (most recent call last):
  File "/lustre09/project/6061843/noedia/wl_neurips/ciela_branch/CosmOrford/.venv/bin/trainer", line 10, in <module>
    sys.exit(trainer_cli())
             ^^^^^^^^^^^^^
  File "/lustre09/project/6061843/noedia/wl_neurips/ciela_branch/CosmOrford/cosmoford/trainer.py", line 34, in trainer_cli
    return LightningCLI(
           ^^^^^^^^^^^^^
  File "/lustre09/project/6061843/noedia/wl_neurips/ciela_branch/CosmOrford/.venv/lib/python3.11/site-packages/lightning/pytorch/cli.py", line 410, in __init__
    self.instantiate_classes()
  File "/lustre09/project/6061843/noedia/wl_neurips/ciela_branch/CosmOrford/.venv/lib/python3.11/site-packages/lightning/pytorch/cli.py", line 609, in instantiate_classes
    self.trainer = self.instantiate_trainer()
                   ^^^^^^^^^^^^^^^^^^^^^^^^^^
  File "/lustre09/project/6061843/noedia/wl_neurips/ciela_branch/CosmOrford/.venv/lib/python3.11/site-packages/lightning/pytorch/cli.py", line 623, in instantiate_trainer
    return self._instantiate_trainer(trainer_config, extra_callbacks)
           ^^^^^^^^^^^^^^^^^^^^^^^^^^^^^^^^^^^^^^^^^^^^^^^^^^^^^^^^^^
  File "/lustre09/project/6061843/noedia/wl_neurips/ciela_branch/CosmOrford/.venv/lib/python3.11/site-packages/lightning/pytorch/cli.py", line 648, in _instantiate_trainer
    return self.trainer_class(**config)
           ^^^^^^^^^^^^^^^^^^^^^^^^^^^^
  File "/lustre09/project/6061843/noedia/wl_neurips/ciela_branch/CosmOrford/.venv/lib/python3.11/site-packages/lightning/pytorch/utilities/argparse.py", line 70, in insert_env_defaults
    return fn(self, **kwargs)
           ^^^^^^^^^^^^^^^^^^
  File "/lustre09/project/6061843/noedia/wl_neurips/ciela_branch/CosmOrford/.venv/lib/python3.11/site-packages/lightning/pytorch/trainer/trainer.py", line 417, in __init__
    self._accelerator_connector = _AcceleratorConnector(
                                  ^^^^^^^^^^^^^^^^^^^^^^
  File "/lustre09/project/6061843/noedia/wl_neurips/ciela_branch/CosmOrford/.venv/lib/python3.11/site-packages/lightning/pytorch/trainer/connectors/accelerator_connector.py", line 144, in __init__
    self._accelerator_flag = self._choose_gpu_accelerator_backend()
                             ^^^^^^^^^^^^^^^^^^^^^^^^^^^^^^^^^^^^^^
  File "/lustre09/project/6061843/noedia/wl_neurips/ciela_branch/CosmOrford/.venv/lib/python3.11/site-packages/lightning/pytorch/trainer/connectors/accelerator_connector.py", line 348, in _choose_gpu_accelerator_backend
    raise MisconfigurationException("No supported gpu backend found!")
lightning.fabric.utilities.exceptions.MisconfigurationException: No supported gpu backend found!
------------------------------------------
Starting run with max_train_samples = 500
------------------------------------------
/lustre09/project/6061843/noedia/wl_neurips/ciela_branch/CosmOrford/.venv/lib/python3.11/site-packages/lightning/fabric/utilities/seed.py:44: No seed found, seed set to 0
[rank: 0] Seed set to 0
Traceback (most recent call last):
  File "/lustre09/project/6061843/noedia/wl_neurips/ciela_branch/CosmOrford/.venv/bin/trainer", line 10, in <module>
    sys.exit(trainer_cli())
             ^^^^^^^^^^^^^
  File "/lustre09/project/6061843/noedia/wl_neurips/ciela_branch/CosmOrford/cosmoford/trainer.py", line 34, in trainer_cli
    return LightningCLI(
           ^^^^^^^^^^^^^
  File "/lustre09/project/6061843/noedia/wl_neurips/ciela_branch/CosmOrford/.venv/lib/python3.11/site-packages/lightning/pytorch/cli.py", line 410, in __init__
    self.instantiate_classes()
  File "/lustre09/project/6061843/noedia/wl_neurips/ciela_branch/CosmOrford/.venv/lib/python3.11/site-packages/lightning/pytorch/cli.py", line 609, in instantiate_classes
    self.trainer = self.instantiate_trainer()
                   ^^^^^^^^^^^^^^^^^^^^^^^^^^
  File "/lustre09/project/6061843/noedia/wl_neurips/ciela_branch/CosmOrford/.venv/lib/python3.11/site-packages/lightning/pytorch/cli.py", line 623, in instantiate_trainer
    return self._instantiate_trainer(trainer_config, extra_callbacks)
           ^^^^^^^^^^^^^^^^^^^^^^^^^^^^^^^^^^^^^^^^^^^^^^^^^^^^^^^^^^
  File "/lustre09/project/6061843/noedia/wl_neurips/ciela_branch/CosmOrford/.venv/lib/python3.11/site-packages/lightning/pytorch/cli.py", line 648, in _instantiate_trainer
    return self.trainer_class(**config)
           ^^^^^^^^^^^^^^^^^^^^^^^^^^^^
  File "/lustre09/project/6061843/noedia/wl_neurips/ciela_branch/CosmOrford/.venv/lib/python3.11/site-packages/lightning/pytorch/utilities/argparse.py", line 70, in insert_env_defaults
    return fn(self, **kwargs)
           ^^^^^^^^^^^^^^^^^^
  File "/lustre09/project/6061843/noedia/wl_neurips/ciela_branch/CosmOrford/.venv/lib/python3.11/site-packages/lightning/pytorch/trainer/trainer.py", line 417, in __init__
    self._accelerator_connector = _AcceleratorConnector(
                                  ^^^^^^^^^^^^^^^^^^^^^^
  File "/lustre09/project/6061843/noedia/wl_neurips/ciela_branch/CosmOrford/.venv/lib/python3.11/site-packages/lightning/pytorch/trainer/connectors/accelerator_connector.py", line 144, in __init__
    self._accelerator_flag = self._choose_gpu_accelerator_backend()
                             ^^^^^^^^^^^^^^^^^^^^^^^^^^^^^^^^^^^^^^
  File "/lustre09/project/6061843/noedia/wl_neurips/ciela_branch/CosmOrford/.venv/lib/python3.11/site-packages/lightning/pytorch/trainer/connectors/accelerator_connector.py", line 348, in _choose_gpu_accelerator_backend
    raise MisconfigurationException("No supported gpu backend found!")
lightning.fabric.utilities.exceptions.MisconfigurationException: No supported gpu backend found!
------------------------------------------
Starting run with max_train_samples = 1000
------------------------------------------
slurmstepd: error: *** JOB 8413652 ON rg31701 CANCELLED AT 2026-03-16T04:31:24 ***
