------------------------------------------
Starting run with max_train_samples = 100
------------------------------------------
/lustre09/project/6061843/noedia/wl_neurips/CosmOrford/.venv/lib/python3.11/site-packages/lightning/fabric/utilities/seed.py:44: No seed found, seed set to 0
[rank: 0] Seed set to 0
Using 16bit Automatic Mixed Precision (AMP)
GPU available: True (cuda), used: True
TPU available: False, using: 0 TPU cores
HPU available: False, using: 0 HPUs
wandb: WARNING The anonymous setting has no effect and will be removed in a future version.
wandb: [wandb.login()] Loaded credentials for https://api.wandb.ai from /home/noedia/.netrc.
wandb: W&B API key is configured. Use `wandb login --relogin` to force relogin
wandb: Network error (ConnectTimeout), entering retry loop.
wandb: ERROR Run initialization has timed out after 90.0 sec. Please try increasing the timeout with the `init_timeout` setting: `wandb.init(settings=wandb.Settings(init_timeout=120))`.
Traceback (most recent call last):
  File "/lustre09/project/6061843/noedia/wl_neurips/CosmOrford/.venv/bin/trainer", line 10, in <module>
    sys.exit(trainer_cli())
             ^^^^^^^^^^^^^
  File "/lustre09/project/6061843/noedia/wl_neurips/CosmOrford/cosmoford/trainer.py", line 34, in trainer_cli
    return LightningCLI(
           ^^^^^^^^^^^^^
  File "/lustre09/project/6061843/noedia/wl_neurips/CosmOrford/.venv/lib/python3.11/site-packages/lightning/pytorch/cli.py", line 414, in __init__
    self._run_subcommand(self.subcommand)
  File "/lustre09/project/6061843/noedia/wl_neurips/CosmOrford/.venv/lib/python3.11/site-packages/lightning/pytorch/cli.py", line 752, in _run_subcommand
    fn(**fn_kwargs)
  File "/lustre09/project/6061843/noedia/wl_neurips/CosmOrford/.venv/lib/python3.11/site-packages/lightning/pytorch/trainer/trainer.py", line 575, in fit
    call._call_and_handle_interrupt(
  File "/lustre09/project/6061843/noedia/wl_neurips/CosmOrford/.venv/lib/python3.11/site-packages/lightning/pytorch/trainer/call.py", line 49, in _call_and_handle_interrupt
    return trainer_fn(*args, **kwargs)
           ^^^^^^^^^^^^^^^^^^^^^^^^^^^
  File "/lustre09/project/6061843/noedia/wl_neurips/CosmOrford/.venv/lib/python3.11/site-packages/lightning/pytorch/trainer/trainer.py", line 613, in _fit_impl
    self._run(model, ckpt_path=ckpt_path)
  File "/lustre09/project/6061843/noedia/wl_neurips/CosmOrford/.venv/lib/python3.11/site-packages/lightning/pytorch/trainer/trainer.py", line 988, in _run
    call._call_setup_hook(self)  # allow user to set up LightningModule in accelerator environment
    ^^^^^^^^^^^^^^^^^^^^^^^^^^^
  File "/lustre09/project/6061843/noedia/wl_neurips/CosmOrford/.venv/lib/python3.11/site-packages/lightning/pytorch/trainer/call.py", line 102, in _call_setup_hook
    if hasattr(logger, "experiment"):
       ^^^^^^^^^^^^^^^^^^^^^^^^^^^^^
  File "/lustre09/project/6061843/noedia/wl_neurips/CosmOrford/.venv/lib/python3.11/site-packages/lightning/fabric/loggers/logger.py", line 118, in experiment
    return fn(self)
           ^^^^^^^^
  File "/lustre09/project/6061843/noedia/wl_neurips/CosmOrford/.venv/lib/python3.11/site-packages/lightning/pytorch/loggers/wandb.py", line 410, in experiment
    self._experiment = wandb.init(**self._wandb_init)
                       ^^^^^^^^^^^^^^^^^^^^^^^^^^^^^^
  File "/lustre09/project/6061843/noedia/wl_neurips/CosmOrford/.venv/lib/python3.11/site-packages/wandb/sdk/wandb_init.py", line 1595, in init
    get_sentry().reraise(e)
  File "/lustre09/project/6061843/noedia/wl_neurips/CosmOrford/.venv/lib/python3.11/site-packages/wandb/analytics/sentry.py", line 190, in reraise
    raise exc.with_traceback(tb)
  File "/lustre09/project/6061843/noedia/wl_neurips/CosmOrford/.venv/lib/python3.11/site-packages/wandb/sdk/wandb_init.py", line 1578, in init
    run = wi.init(run_settings, run_config, run_printer)
          ^^^^^^^^^^^^^^^^^^^^^^^^^^^^^^^^^^^^^^^^^^^^^^
  File "/lustre09/project/6061843/noedia/wl_neurips/CosmOrford/.venv/lib/python3.11/site-packages/wandb/sdk/wandb_init.py", line 1022, in init
    raise CommError(
wandb.errors.errors.CommError: Run initialization has timed out after 90.0 sec. Please try increasing the timeout with the `init_timeout` setting: `wandb.init(settings=wandb.Settings(init_timeout=120))`.
[1;34mwandb[0m: 
------------------------------------------
Starting run with max_train_samples = 200
------------------------------------------
/lustre09/project/6061843/noedia/wl_neurips/CosmOrford/.venv/lib/python3.11/site-packages/lightning/fabric/utilities/seed.py:44: No seed found, seed set to 0
[rank: 0] Seed set to 0
Using 16bit Automatic Mixed Precision (AMP)
GPU available: True (cuda), used: True
TPU available: False, using: 0 TPU cores
HPU available: False, using: 0 HPUs
wandb: WARNING The anonymous setting has no effect and will be removed in a future version.
wandb: [wandb.login()] Loaded credentials for https://api.wandb.ai from /home/noedia/.netrc.
wandb: W&B API key is configured. Use `wandb login --relogin` to force relogin
wandb: Network error (ConnectTimeout), entering retry loop.
wandb: ERROR Run initialization has timed out after 90.0 sec. Please try increasing the timeout with the `init_timeout` setting: `wandb.init(settings=wandb.Settings(init_timeout=120))`.
Traceback (most recent call last):
  File "/lustre09/project/6061843/noedia/wl_neurips/CosmOrford/.venv/bin/trainer", line 10, in <module>
    sys.exit(trainer_cli())
             ^^^^^^^^^^^^^
  File "/lustre09/project/6061843/noedia/wl_neurips/CosmOrford/cosmoford/trainer.py", line 34, in trainer_cli
    return LightningCLI(
           ^^^^^^^^^^^^^
  File "/lustre09/project/6061843/noedia/wl_neurips/CosmOrford/.venv/lib/python3.11/site-packages/lightning/pytorch/cli.py", line 414, in __init__
    self._run_subcommand(self.subcommand)
  File "/lustre09/project/6061843/noedia/wl_neurips/CosmOrford/.venv/lib/python3.11/site-packages/lightning/pytorch/cli.py", line 752, in _run_subcommand
    fn(**fn_kwargs)
  File "/lustre09/project/6061843/noedia/wl_neurips/CosmOrford/.venv/lib/python3.11/site-packages/lightning/pytorch/trainer/trainer.py", line 575, in fit
    call._call_and_handle_interrupt(
  File "/lustre09/project/6061843/noedia/wl_neurips/CosmOrford/.venv/lib/python3.11/site-packages/lightning/pytorch/trainer/call.py", line 49, in _call_and_handle_interrupt
    return trainer_fn(*args, **kwargs)
           ^^^^^^^^^^^^^^^^^^^^^^^^^^^
  File "/lustre09/project/6061843/noedia/wl_neurips/CosmOrford/.venv/lib/python3.11/site-packages/lightning/pytorch/trainer/trainer.py", line 613, in _fit_impl
    self._run(model, ckpt_path=ckpt_path)
  File "/lustre09/project/6061843/noedia/wl_neurips/CosmOrford/.venv/lib/python3.11/site-packages/lightning/pytorch/trainer/trainer.py", line 988, in _run
    call._call_setup_hook(self)  # allow user to set up LightningModule in accelerator environment
    ^^^^^^^^^^^^^^^^^^^^^^^^^^^
  File "/lustre09/project/6061843/noedia/wl_neurips/CosmOrford/.venv/lib/python3.11/site-packages/lightning/pytorch/trainer/call.py", line 102, in _call_setup_hook
    if hasattr(logger, "experiment"):
       ^^^^^^^^^^^^^^^^^^^^^^^^^^^^^
  File "/lustre09/project/6061843/noedia/wl_neurips/CosmOrford/.venv/lib/python3.11/site-packages/lightning/fabric/loggers/logger.py", line 118, in experiment
    return fn(self)
           ^^^^^^^^
  File "/lustre09/project/6061843/noedia/wl_neurips/CosmOrford/.venv/lib/python3.11/site-packages/lightning/pytorch/loggers/wandb.py", line 410, in experiment
    self._experiment = wandb.init(**self._wandb_init)
                       ^^^^^^^^^^^^^^^^^^^^^^^^^^^^^^
  File "/lustre09/project/6061843/noedia/wl_neurips/CosmOrford/.venv/lib/python3.11/site-packages/wandb/sdk/wandb_init.py", line 1595, in init
    get_sentry().reraise(e)
  File "/lustre09/project/6061843/noedia/wl_neurips/CosmOrford/.venv/lib/python3.11/site-packages/wandb/analytics/sentry.py", line 190, in reraise
    raise exc.with_traceback(tb)
  File "/lustre09/project/6061843/noedia/wl_neurips/CosmOrford/.venv/lib/python3.11/site-packages/wandb/sdk/wandb_init.py", line 1578, in init
    run = wi.init(run_settings, run_config, run_printer)
          ^^^^^^^^^^^^^^^^^^^^^^^^^^^^^^^^^^^^^^^^^^^^^^
  File "/lustre09/project/6061843/noedia/wl_neurips/CosmOrford/.venv/lib/python3.11/site-packages/wandb/sdk/wandb_init.py", line 1022, in init
    raise CommError(
wandb.errors.errors.CommError: Run initialization has timed out after 90.0 sec. Please try increasing the timeout with the `init_timeout` setting: `wandb.init(settings=wandb.Settings(init_timeout=120))`.
slurmstepd: error: *** JOB 7853245 ON rg32201 CANCELLED AT 2026-03-07T21:03:21 ***
