wandb: Loading settings from /lustre09/project/6061843/noedia/wl_neurips/ciela_branch/CosmOrford/wandb/settings
W&B offline. Running your script from this directory will only write metadata locally. Use `wandb disabled` to completely turn off W&B.
Running job for budget: 1000
/lustre09/project/6061843/noedia/wl_neurips/ciela_branch/CosmOrford/.venv/lib/python3.11/site-packages/lightning/fabric/utilities/seed.py:44: No seed found, seed set to 0
[rank: 0] Seed set to 0
Using 16bit Automatic Mixed Precision (AMP)
GPU available: True (cuda), used: True
TPU available: False, using: 0 TPU cores
HPU available: False, using: 0 HPUs
wandb: WARNING The anonymous setting has no effect and will be removed in a future version.
wandb: Loading settings from /lustre09/project/6061843/noedia/wl_neurips/ciela_branch/CosmOrford/wandb/settings
wandb: Tracking run with wandb version 0.25.1
wandb: W&B syncing is set to `offline` in this directory. Run `wandb online` or set WANDB_MODE=online to enable cloud syncing.
wandb: Run data is saved locally in /home/noedia/links/scratch/wl_chall/models/budget_scan_nbody/wandb/offline-run-20260316_113455-cbxvjedz
LOCAL_RANK: 0 - CUDA_VISIBLE_DEVICES: [0]
/lustre09/project/6061843/noedia/wl_neurips/ciela_branch/CosmOrford/.venv/lib/python3.11/site-packages/lightning/pytorch/utilities/model_summary/model_summary.py:242: Precision 16-mixed is not supported by the model summary.  Estimated model size in MB will not be accurate. Using 32 bits instead.
Training set limited to 1000 samples (from 40400)
┏━━━┳━━━━━━━━━━━━━━┳━━━━━━━━━━━━┳━━━━━━━━┳━━━━━━━┳━━━━━━━┓
┃   ┃ Name         ┃ Type       ┃ Params ┃ Mode  ┃ FLOPs ┃
┡━━━╇━━━━━━━━━━━━━━╇━━━━━━━━━━━━╇━━━━━━━━╇━━━━━━━╇━━━━━━━┩
│ 0 │ model        │ Sequential │ 20.2 M │ train │     0 │
│ 1 │ reshape_head │ Sequential │      0 │ train │     0 │
│ 2 │ compressor   │ Linear     │ 10.2 K │ train │     0 │
│ 3 │ head         │ Sequential │    420 │ train │     0 │
└───┴──────────────┴────────────┴────────┴───────┴───────┘
Trainable params: 20.2 M                                                        
Non-trainable params: 0                                                         
Total params: 20.2 M                                                            
Total estimated model params size (MB): 80                                      
Modules in train mode: 719                                                      
Modules in eval mode: 0                                                         
Total FLOPs: 0                                                                  
SLURM auto-requeueing enabled. Setting signal handlers.
/lustre09/project/6061843/noedia/wl_neurips/ciela_branch/CosmOrford/.venv/lib/python3.11/site-packages/torch/utils/data/dataloader.py:424: UserWarning: This DataLoader will create 8 worker processes in total. Our suggested max number of worker in current system is 1, which is smaller than what this DataLoader is going to create. Please be aware that excessive worker creation might get DataLoader running slow or even freeze, lower the worker number to avoid potential slowness/freeze if necessary.
  self.check_worker_number_rationality()
/lustre09/project/6061843/noedia/wl_neurips/ciela_branch/CosmOrford/.venv/lib/python3.11/site-packages/lightning/pytorch/utilities/_pytree.py:21: `isinstance(treespec, LeafSpec)` is deprecated, use `isinstance(treespec, TreeSpec) and treespec.is_leaf()` instead.
/lustre09/project/6061843/noedia/wl_neurips/ciela_branch/CosmOrford/.venv/lib/python3.11/site-packages/torch/utils/data/dataloader.py:432: UserWarning: This DataLoader will create 8 worker processes in total. Our suggested max number of worker in current system is 1, which is smaller than what this DataLoader is going to create. Please be aware that excessive worker creation might get DataLoader running slow or even freeze, lower the worker number to avoid potential slowness/freeze if necessary.
  self.check_worker_number_rationality()
`Trainer.fit` stopped: `max_steps=16000` reached.
Epoch 1066/-2 ━━━━━━━━━━━━━━━━ 10/10 0:00:19 •        1.15it/s v_num: jedz      
                                     0:00:00                   val_log_prob:    
                                                               4.106 val_score: 
                                                               -6.284 val_mse:  
                                                               0.002            
<lightning.pytorch.cli.LightningCLI object at 0x14e63fc68d90>
[1;34mwandb[0m: 
[1;34mwandb[0m: You can sync this run to the cloud by running:
[1;34mwandb[0m: [1mwandb sync /home/noedia/links/scratch/wl_chall/models/budget_scan_nbody/wandb/offline-run-20260316_113455-cbxvjedz[0m
[1;34mwandb[0m: Find logs at: [1;35m../../../../../../scratch/wl_chall/models/budget_scan_nbody/wandb/offline-run-20260316_113455-cbxvjedz/logs[0m
