wandb: Loading settings from /lustre09/project/6061843/noedia/wl_neurips/ciela_branch/CosmOrford/wandb/settings
W&B offline. Running your script from this directory will only write metadata locally. Use `wandb disabled` to completely turn off W&B.
/lustre09/project/6061843/noedia/wl_neurips/ciela_branch/CosmOrford/.venv/lib/python3.11/site-packages/lightning/fabric/utilities/seed.py:44: No seed found, seed set to 0
[rank: 0] Seed set to 0
Using 16bit Automatic Mixed Precision (AMP)
GPU available: True (cuda), used: True
TPU available: False, using: 0 TPU cores
HPU available: False, using: 0 HPUs
wandb: WARNING The anonymous setting has no effect and will be removed in a future version.
wandb: Loading settings from /lustre09/project/6061843/noedia/wl_neurips/ciela_branch/CosmOrford/wandb/settings
wandb: Tracking run with wandb version 0.25.1
wandb: W&B syncing is set to `offline` in this directory. Run `wandb online` or set WANDB_MODE=online to enable cloud syncing.
wandb: Run data is saved locally in /home/noedia/links/scratch/wl_chall/models/pretrain_lognormal/wandb/offline-run-20260316_102244-w1xubfmk
LOCAL_RANK: 0 - CUDA_VISIBLE_DEVICES: [0]
/lustre09/project/6061843/noedia/wl_neurips/ciela_branch/CosmOrford/.venv/lib/python3.11/site-packages/lightning/pytorch/utilities/model_summary/model_summary.py:242: Precision 16-mixed is not supported by the model summary.  Estimated model size in MB will not be accurate. Using 32 bits instead.
┏━━━┳━━━━━━━━━━━━━━┳━━━━━━━━━━━━┳━━━━━━━━┳━━━━━━━┳━━━━━━━┓
┃   ┃ Name         ┃ Type       ┃ Params ┃ Mode  ┃ FLOPs ┃
┡━━━╇━━━━━━━━━━━━━━╇━━━━━━━━━━━━╇━━━━━━━━╇━━━━━━━╇━━━━━━━┩
│ 0 │ model        │ Sequential │ 20.2 M │ train │     0 │
│ 1 │ reshape_head │ Sequential │      0 │ train │     0 │
│ 2 │ compressor   │ Linear     │ 10.2 K │ train │     0 │
│ 3 │ head         │ Sequential │    420 │ train │     0 │
└───┴──────────────┴────────────┴────────┴───────┴───────┘
Trainable params: 20.2 M                                                        
Non-trainable params: 0                                                         
Total params: 20.2 M                                                            
Total estimated model params size (MB): 80                                      
Modules in train mode: 719                                                      
Modules in eval mode: 0                                                         
Total FLOPs: 0                                                                  
SLURM auto-requeueing enabled. Setting signal handlers.
/lustre09/project/6061843/noedia/wl_neurips/ciela_branch/CosmOrford/.venv/lib/python3.11/site-packages/torch/utils/data/dataloader.py:424: UserWarning: This DataLoader will create 8 worker processes in total. Our suggested max number of worker in current system is 1, which is smaller than what this DataLoader is going to create. Please be aware that excessive worker creation might get DataLoader running slow or even freeze, lower the worker number to avoid potential slowness/freeze if necessary.
  self.check_worker_number_rationality()
/lustre09/project/6061843/noedia/wl_neurips/ciela_branch/CosmOrford/.venv/lib/python3.11/site-packages/lightning/pytorch/utilities/_pytree.py:21: `isinstance(treespec, LeafSpec)` is deprecated, use `isinstance(treespec, TreeSpec) and treespec.is_leaf()` instead.
/lustre09/project/6061843/noedia/wl_neurips/ciela_branch/CosmOrford/.venv/lib/python3.11/site-packages/torch/utils/data/dataloader.py:432: UserWarning: This DataLoader will create 8 worker processes in total. Our suggested max number of worker in current system is 1, which is smaller than what this DataLoader is going to create. Please be aware that excessive worker creation might get DataLoader running slow or even freeze, lower the worker number to avoid potential slowness/freeze if necessary.
  self.check_worker_number_rationality()
Epoch 8/-2 ━━━━━━━━━━━━━━━  752/781 0:03:10 • 0:00:07 4.41it/s v_num: bfmk      
                                                               val_log_prob:    
                                                               180.085          
                                                               val_score:       
                                                               -739.997 val_mse:
                                                               0.017            
Validation                  1/88    0:00:00 • -:--:-- 0.00it/s                  
Traceback (most recent call last):
  File "/lustre09/project/6061843/noedia/wl_neurips/ciela_branch/CosmOrford/.venv/bin/trainer", line 10, in <module>
    sys.exit(trainer_cli())
             ^^^^^^^^^^^^^
  File "/lustre09/project/6061843/noedia/wl_neurips/ciela_branch/CosmOrford/cosmoford/trainer.py", line 34, in trainer_cli
    return LightningCLI(
           ^^^^^^^^^^^^^
  File "/lustre09/project/6061843/noedia/wl_neurips/ciela_branch/CosmOrford/.venv/lib/python3.11/site-packages/lightning/pytorch/cli.py", line 414, in __init__
    self._run_subcommand(self.subcommand)
  File "/lustre09/project/6061843/noedia/wl_neurips/ciela_branch/CosmOrford/.venv/lib/python3.11/site-packages/lightning/pytorch/cli.py", line 752, in _run_subcommand
    fn(**fn_kwargs)
  File "/lustre09/project/6061843/noedia/wl_neurips/ciela_branch/CosmOrford/.venv/lib/python3.11/site-packages/lightning/pytorch/trainer/trainer.py", line 575, in fit
    call._call_and_handle_interrupt(
  File "/lustre09/project/6061843/noedia/wl_neurips/ciela_branch/CosmOrford/.venv/lib/python3.11/site-packages/lightning/pytorch/trainer/call.py", line 49, in _call_and_handle_interrupt
    return trainer_fn(*args, **kwargs)
           ^^^^^^^^^^^^^^^^^^^^^^^^^^^
  File "/lustre09/project/6061843/noedia/wl_neurips/ciela_branch/CosmOrford/.venv/lib/python3.11/site-packages/lightning/pytorch/trainer/trainer.py", line 613, in _fit_impl
    self._run(model, ckpt_path=ckpt_path)
  File "/lustre09/project/6061843/noedia/wl_neurips/ciela_branch/CosmOrford/.venv/lib/python3.11/site-packages/lightning/pytorch/trainer/trainer.py", line 1028, in _run
    results = self._run_stage()
              ^^^^^^^^^^^^^^^^^
  File "/lustre09/project/6061843/noedia/wl_neurips/ciela_branch/CosmOrford/.venv/lib/python3.11/site-packages/lightning/pytorch/trainer/trainer.py", line 1072, in _run_stage
    self.fit_loop.run()
  File "/lustre09/project/6061843/noedia/wl_neurips/ciela_branch/CosmOrford/.venv/lib/python3.11/site-packages/lightning/pytorch/loops/fit_loop.py", line 217, in run
    self.advance()
  File "/lustre09/project/6061843/noedia/wl_neurips/ciela_branch/CosmOrford/.venv/lib/python3.11/site-packages/lightning/pytorch/loops/fit_loop.py", line 465, in advance
    self.epoch_loop.run(self._data_fetcher)
  File "/lustre09/project/6061843/noedia/wl_neurips/ciela_branch/CosmOrford/.venv/lib/python3.11/site-packages/lightning/pytorch/loops/training_epoch_loop.py", line 154, in run
    self.on_advance_end(data_fetcher)
  File "/lustre09/project/6061843/noedia/wl_neurips/ciela_branch/CosmOrford/.venv/lib/python3.11/site-packages/lightning/pytorch/loops/training_epoch_loop.py", line 399, in on_advance_end
    self.val_loop.run()
  File "/lustre09/project/6061843/noedia/wl_neurips/ciela_branch/CosmOrford/.venv/lib/python3.11/site-packages/lightning/pytorch/loops/utilities.py", line 179, in _decorator
    return loop_run(self, *args, **kwargs)
           ^^^^^^^^^^^^^^^^^^^^^^^^^^^^^^^
  File "/lustre09/project/6061843/noedia/wl_neurips/ciela_branch/CosmOrford/.venv/lib/python3.11/site-packages/lightning/pytorch/loops/evaluation_loop.py", line 146, in run
    self._evaluation_step(batch, batch_idx, dataloader_idx, dataloader_iter)
  File "/lustre09/project/6061843/noedia/wl_neurips/ciela_branch/CosmOrford/.venv/lib/python3.11/site-packages/lightning/pytorch/loops/evaluation_loop.py", line 441, in _evaluation_step
    output = call._call_strategy_hook(trainer, hook_name, *step_args)
             ^^^^^^^^^^^^^^^^^^^^^^^^^^^^^^^^^^^^^^^^^^^^^^^^^^^^^^^^
  File "/lustre09/project/6061843/noedia/wl_neurips/ciela_branch/CosmOrford/.venv/lib/python3.11/site-packages/lightning/pytorch/trainer/call.py", line 329, in _call_strategy_hook
    output = fn(*args, **kwargs)
             ^^^^^^^^^^^^^^^^^^^
  File "/lustre09/project/6061843/noedia/wl_neurips/ciela_branch/CosmOrford/.venv/lib/python3.11/site-packages/lightning/pytorch/strategies/strategy.py", line 412, in validation_step
    return self.lightning_module.validation_step(*args, **kwargs)
           ^^^^^^^^^^^^^^^^^^^^^^^^^^^^^^^^^^^^^^^^^^^^^^^^^^^^^^
  File "/lustre09/project/6061843/noedia/wl_neurips/ciela_branch/CosmOrford/cosmoford/models_nopatch.py", line 368, in validation_step
    loss_val = -torch.distributions.Normal(loc=mean, scale=std).log_prob(y).mean()
                ^^^^^^^^^^^^^^^^^^^^^^^^^^^^^^^^^^^^^^^^^^^^^^^
  File "/lustre09/project/6061843/noedia/wl_neurips/ciela_branch/CosmOrford/.venv/lib/python3.11/site-packages/torch/distributions/normal.py", line 67, in __init__
    super().__init__(batch_shape, validate_args=validate_args)
  File "/lustre09/project/6061843/noedia/wl_neurips/ciela_branch/CosmOrford/.venv/lib/python3.11/site-packages/torch/distributions/distribution.py", line 78, in __init__
    raise ValueError(
ValueError: Expected parameter loc (Tensor of shape (64, 2)) of distribution Normal(loc: torch.Size([64, 2]), scale: torch.Size([64, 2])) to satisfy the constraint Real(), but found invalid values:
tensor([[-1.7734,  1.1885],
        [-1.2861,  0.7466],
        [-1.7129,  0.1036],
        [-1.4756,  0.2120],
        [-1.1348,  1.6572],
        [-1.7783,  0.6172],
        [-1.5352,  0.4646],
        [-1.4336,  1.2471],
        [-2.0391,  1.1445],
        [-1.6836,  1.1074],
        [-2.2285,  1.1064],
        [-1.2891, -0.2898],
        [-1.5947,  1.3867],
        [-1.3877,  1.4873],
        [-1.3594,  0.2930],
        [-1.4717,  1.5039],
        [-1.6514,  1.2070],
        [-1.4180,  0.4790],
        [    nan,     nan],
        [-1.5547,  0.9355],
        [-1.9121,  0.5591],
        [-1.5420,  0.1295],
        [-2.0430,  0.8906],
        [-1.5449,  1.2168],
        [-1.4336,  0.1920],
        [-0.3005,  0.2500],
        [-1.4551,  0.6060],
        [-1.4150,  0.6147],
        [-1.4658,  0.7085],
        [-1.5400,  0.0924],
        [-1.0020,  0.8936],
        [-1.0693,  2.0332],
        [-1.3994,  0.4443],
        [-1.7197,  0.0491],
        [-2.1055,  0.9292],
        [-1.5244,  0.5942],
        [-1.4180, -0.5225],
        [-1.5176,  0.2369],
        [-1.6797,  1.4053],
        [-1.3096,  0.1172],
        [-1.5518,  0.4690],
        [-1.4053,  0.5195],
        [-2.2109,  1.0371],
        [-1.3916,  0.3984],
        [-1.3682,  0.7822],
        [-0.4961, -0.7456],
        [-0.7969,  1.7334],
        [-1.4717,  0.3359],
        [-1.2734,  1.1348],
        [-1.8281,  0.9858],
        [-1.3594,  0.7061],
        [-1.4551,  0.5674],
        [-1.4824, -0.5508],
        [-1.4043,  0.5723],
        [-1.3643,  0.4604],
        [-1.3545,  0.7739],
        [-1.1484,  0.6738],
        [-1.7334,  0.2085],
        [-1.2520,  0.5083],
        [-2.4160,  1.3213],
        [-0.5586,  1.4121],
        [-1.5234, -0.3071],
        [-1.3359,  0.6582],
        [-1.5771,  0.1967]], device='cuda:0', dtype=torch.float16)
[1;34mwandb[0m: 
[1;34mwandb[0m: You can sync this run to the cloud by running:
[1;34mwandb[0m: [1mwandb sync /home/noedia/links/scratch/wl_chall/models/pretrain_lognormal/wandb/offline-run-20260316_102244-w1xubfmk[0m
[1;34mwandb[0m: Find logs at: [1;35m../../../../../../scratch/wl_chall/models/pretrain_lognormal/wandb/offline-run-20260316_102244-w1xubfmk/logs[0m
